[debug] [2019-11-02T20:55:23.686Z] ----------------------------------------------------------------------
[debug] [2019-11-02T20:55:23.688Z] Command:       /Users/sammyunterman/.nvm/versions/node/v11.0.0/bin/node /Users/sammyunterman/.nvm/versions/node/v11.0.0/bin/firebase projects:list
[debug] [2019-11-02T20:55:23.689Z] CLI Version:   7.6.2
[debug] [2019-11-02T20:55:23.689Z] Platform:      darwin
[debug] [2019-11-02T20:55:23.689Z] Node Version:  v11.0.0
[debug] [2019-11-02T20:55:23.690Z] Time:          Sat Nov 02 2019 16:55:23 GMT-0400 (Eastern Daylight Time)
[debug] [2019-11-02T20:55:23.690Z] ----------------------------------------------------------------------
[debug] [2019-11-02T20:55:23.690Z] 
[debug] [2019-11-02T20:55:23.698Z] > command requires scopes: ["email","openid","https://www.googleapis.com/auth/cloudplatformprojects.readonly","https://www.googleapis.com/auth/firebase","https://www.googleapis.com/auth/cloud-platform"]
[debug] [2019-11-02T20:55:23.698Z] > authorizing via signed-in user
[debug] [2019-11-02T20:55:23.703Z] > refreshing access token with scopes: ["email","https://www.googleapis.com/auth/cloud-platform","https://www.googleapis.com/auth/cloudplatformprojects.readonly","https://www.googleapis.com/auth/firebase","openid"]
[debug] [2019-11-02T20:55:23.704Z] >>> HTTP REQUEST POST https://www.googleapis.com/oauth2/v3/token  
 <request body omitted>
[debug] [2019-11-02T20:55:23.914Z] <<< HTTP RESPONSE 400
[debug] [2019-11-02T20:55:23.916Z] >>> HTTP REQUEST GET https://firebase.googleapis.com/v1beta1/projects?pageSize=1000  
 
[debug] [2019-11-02T20:55:24.115Z] <<< HTTP RESPONSE 401
[debug] [2019-11-02T20:55:24.115Z] <<< HTTP RESPONSE BODY
[debug] [2019-11-02T20:55:24.117Z] HTTP Error: 401, Request had invalid authentication credentials. Expected OAuth 2 access token, login cookie or other valid authentication credential. See https://developers.google.com/identity/sign-in/web/devconsole-project.
[debug] [2019-11-02T20:55:24.119Z] FirebaseError: HTTP Error: 401, Request had invalid authentication credentials. Expected OAuth 2 access token, login cookie or other valid authentication credential. See https://developers.google.com/identity/sign-in/web/devconsole-project.
    at module.exports (/Users/sammyunterman/.nvm/versions/node/v11.0.0/lib/node_modules/firebase-tools/lib/responseToError.js:38:12)
    at Request._callback (/Users/sammyunterman/.nvm/versions/node/v11.0.0/lib/node_modules/firebase-tools/lib/api.js:39:35)
    at Request.self.callback (/Users/sammyunterman/.nvm/versions/node/v11.0.0/lib/node_modules/firebase-tools/node_modules/request/request.js:185:22)
    at Request.emit (events.js:182:13)
    at Request.EventEmitter.emit (domain.js:441:20)
    at Request.<anonymous> (/Users/sammyunterman/.nvm/versions/node/v11.0.0/lib/node_modules/firebase-tools/node_modules/request/request.js:1161:10)
    at Request.emit (events.js:182:13)
    at Request.EventEmitter.emit (domain.js:441:20)
    at IncomingMessage.<anonymous> (/Users/sammyunterman/.nvm/versions/node/v11.0.0/lib/node_modules/firebase-tools/node_modules/request/request.js:1083:12)
    at Object.onceWrapper (events.js:273:13)
[error] 
[error] Error: Failed to list Firebase projects. See firebase-debug.log for more info.
